

Version:	3.50
CmdLine:	C:\Users\dalli\OneDrive\Documents\GitHub\The-Odyssey\TheOdyssey.exe --l4j-debug
JNI:		No
WOW64:		Yes
Create mutex:	abcMutex0
Working dir:	C:\Users\dalli\OneDrive\Documents\GitHub\The-Odyssey\.
Requires JDK:	No
Requires 64-Bit: No
Java min ver:	1.011.000
Java max ver:	
JRE paths:	JRE
Check launcher:	C:\Users\dalli\OneDrive\Documents\GitHub\The-Odyssey\JRE\bin\javaw.exe (not found)
64-bit search:	SOFTWARE\JavaSoft\Java Runtime Environment...
32-bit search:	SOFTWARE\JavaSoft\Java Runtime Environment...
64-bit search:	SOFTWARE\JavaSoft\Java Development Kit...
32-bit search:	SOFTWARE\JavaSoft\Java Development Kit...
64-bit search:	SOFTWARE\JavaSoft\JRE...
32-bit search:	SOFTWARE\JavaSoft\JRE...
64-bit search:	SOFTWARE\JavaSoft\JDK...
Check:		SOFTWARE\JavaSoft\JDK\21.0.2
Version string: 1.021.000_002 / 64-Bit (OK)
Check launcher:	C:\Program Files\Java\jdk-21\bin\javaw.exe (OK)
Match:		1.021.000_002
Runtime used:	1.021.000_002 (64-bit)
Launcher:	C:\Program Files\Java\jdk-21\bin\javaw.exe
Launcher args:	-jar "C:\Users\dalli\OneDrive\Documents\GitHub\The-Odyssey\TheOdyssey.exe"
Args length:	74/32768 chars
Exit code:	0


Version:	3.50
CmdLine:	C:\Users\dalli\OneDrive\Documents\GitHub\The-Odyssey\TheOdyssey.exe --l4j-debug
JNI:		No
WOW64:		Yes
Create mutex:	abcMutex0
Working dir:	C:\Users\dalli\OneDrive\Documents\GitHub\The-Odyssey\.
Requires JDK:	No
Requires 64-Bit: No
Java min ver:	1.011.000
Java max ver:	
Substitute:	JAVA_HOME = 
Substitute:	PATH = C:\Program Files\Common Files\Oracle\Java\javapath;E:\Oculus\Support\oculus-runtime;C:\windows\system32;C:\windows;C:\windows\System32\Wbem;C:\windows\System32\WindowsPowerShell\v1.0\;C:\windows\System32\OpenSSH\;C:\Program Files (x86)\NVIDIA Corporation\PhysX\Common;C:\Program Files\NVIDIA Corporation\NVIDIA NvDLISR;C:\Program Files\dotnet\;C:\Program Files\Git\cmd;C:\Program Files\nodejs\;C:\Users\dalli\AppData\Local\Programs\Python\Launcher\;C:\Users\dalli\AppData\Local\Microsoft\WindowsApps;C:\Users\dalli\AppData\Local\GitHubDesktop\bin;C:\Users\dalli\AppData\Local\Programs\Microsoft VS Code\bin;C:\Users\dalli\.dotnet\tools;C:\Users\dalli\AppData\Roaming\npm;C:\Program Files\Java\jdk-21\bin
JRE paths:	;C:\Program Files\Common Files\Oracle\Java\javapath;E:\Oculus\Support\oculus-runtime;C:\windows\system32;C:\windows;C:\windows\System32\Wbem;C:\windows\System32\WindowsPowerShell\v1.0\;C:\windows\System32\OpenSSH\;C:\Program Files (x86)\NVIDIA Corporation\PhysX\Common;C:\Program Files\NVIDIA Corporation\NVIDIA NvDLISR;C:\Program Files\dotnet\;C:\Program Files\Git\cmd;C:\Program Files\nodejs\;C:\Users\dalli\AppData\Local\Programs\Python\Launcher\;C:\Users\dalli\AppData\Local\Microsoft\WindowsApps;C:\Users\dalli\AppData\Local\GitHubDesktop\bin;C:\Users\dalli\AppData\Local\Programs\Microsoft VS Code\bin;C:\Users\dalli\.dotnet\tools;C:\Users\dalli\AppData\Roaming\npm;C:\Program Files\Java\jdk-21\bin
Check launcher:	C:\Program Files\Common Files\Oracle\Java\javapath\bin\javaw.exe (not found)
Check launcher:	E:\Oculus\Support\oculus-runtime\bin\javaw.exe (not found)
Check launcher:	C:\windows\system32\bin\javaw.exe (not found)
Check launcher:	C:\windows\bin\javaw.exe (not found)
Check launcher:	C:\windows\System32\Wbem\bin\javaw.exe (not found)
Check launcher:	C:\windows\System32\WindowsPowerShell\v1.0\bin\javaw.exe (not found)
Check launcher:	C:\windows\System32\OpenSSH\bin\javaw.exe (not found)
Check launcher:	C:\Program Files (x86)\NVIDIA Corporation\PhysX\Common\bin\javaw.exe (not found)
Check launcher:	C:\Program Files\NVIDIA Corporation\NVIDIA NvDLISR\bin\javaw.exe (not found)
Check launcher:	C:\Program Files\dotnet\bin\javaw.exe (not found)
Check launcher:	C:\Program Files\Git\cmd\bin\javaw.exe (not found)
Check launcher:	C:\Program Files\nodejs\bin\javaw.exe (not found)
Check launcher:	C:\Users\dalli\AppData\Local\Programs\Python\Launcher\bin\javaw.exe (not found)
Check launcher:	C:\Users\dalli\AppData\Local\Microsoft\WindowsApps\bin\javaw.exe (not found)
Check launcher:	C:\Users\dalli\AppData\Local\GitHubDesktop\bin\javaw.exe (not found)
Check launcher:	C:\Users\dalli\AppData\Local\Programs\Microsoft VS Code\bin\javaw.exe (not found)
Check launcher:	C:\Users\dalli\.dotnet\tools\bin\javaw.exe (not found)
Check launcher:	C:\Users\dalli\AppData\Roaming\npm\bin\javaw.exe (not found)
Check launcher:	C:\Program Files\Java\jdk-21\bin\javaw.exe (OK)
Version string: 1.021.000_002 / 64-Bit (OK)
Launcher:	C:\Program Files\Java\jdk-21\bin\javaw.exe
Launcher args:	-jar "C:\Users\dalli\OneDrive\Documents\GitHub\The-Odyssey\TheOdyssey.exe"
Args length:	74/32768 chars
Exit code:	0
